L 11/30/2011 - 16:55:12: Log file started (file "logsL1130001.log") (game "cstrike") (version "48/1.1.2.6/4554")
L 11/30/2011 - 16:55:12: Loading map "fy_snow"
L 11/30/2011 - 16:55:12: Server cvars start
L 11/30/2011 - 16:55:12: Server cvar "_tutor_bomb_viewable_check_interval" = "0.5"
L 11/30/2011 - 16:55:12: Server cvar "_tutor_debug_level" = "0"
L 11/30/2011 - 16:55:12: Server cvar "_tutor_examine_time" = "0.5"
L 11/30/2011 - 16:55:12: Server cvar "_tutor_hint_interval_time" = "10.0"
L 11/30/2011 - 16:55:12: Server cvar "_tutor_look_angle" = "10"
L 11/30/2011 - 16:55:12: Server cvar "_tutor_look_distance" = "200"
L 11/30/2011 - 16:55:12: Server cvar "_tutor_message_character_display_time_coefficient" = "0.07"
L 11/30/2011 - 16:55:12: Server cvar "_tutor_message_minimum_display_time" = "1"
L 11/30/2011 - 16:55:12: Server cvar "_tutor_message_repeats" = "5"
L 11/30/2011 - 16:55:12: Server cvar "_tutor_view_distance" = "1000"
L 11/30/2011 - 16:55:12: Server cvar "allow_spectators" = "1"
L 11/30/2011 - 16:55:12: Server cvar "coop" = "0"
L 11/30/2011 - 16:55:12: Server cvar "deathmatch" = "1"
L 11/30/2011 - 16:55:12: Server cvar "decalfrequency" = "30"
L 11/30/2011 - 16:55:12: Server cvar "edgefriction" = "2"
L 11/30/2011 - 16:55:12: Server cvar "hostage_debug" = "0"
L 11/30/2011 - 16:55:12: Server cvar "hostage_stop" = "0"
L 11/30/2011 - 16:55:12: Server cvar "humans_join_team" = "any"
L 11/30/2011 - 16:55:12: Server cvar "max_queries_sec" = "3.0"
L 11/30/2011 - 16:55:12: Server cvar "max_queries_sec_global" = "30"
L 11/30/2011 - 16:55:12: Server cvar "max_queries_window" = "60"
L 11/30/2011 - 16:55:12: Server cvar "mp_allowmonsters" = "1"

